Running: fuse.exe -relaunch -intstyle "ise" -incremental -lib "secureip" -o "D:/Student/Downloads/yehia/YehiaSharawy-20100519/SingleCycle_MIPS_Architecture_isim_beh.exe" -prj "D:/Student/Downloads/yehia/YehiaSharawy-20100519/SingleCycle_MIPS_Architecture_beh.prj" "work.SingleCycle_MIPS_Architecture" 
ISim P.20131013 (signature 0x7708f090)
Number of CPUs detected in this system: 8
Turning on mult-threading, number of parallel sub-compilation jobs: 16 
Determining compilation order of HDL files
Parsing VHDL file "D:/Student/Downloads/yehia/YehiaSharawy-20100519/SignExtend.vhd" into library work
Parsing VHDL file "D:/Student/Downloads/yehia/YehiaSharawy-20100519/ShiftLeft32.vhd" into library work
Parsing VHDL file "D:/Student/Downloads/yehia/YehiaSharawy-20100519/ShiftLeft28.vhd" into library work
Parsing VHDL file "D:/Student/Downloads/yehia/YehiaSharawy-20100519/RegisterFile.vhd" into library work
Parsing VHDL file "D:/Student/Downloads/yehia/YehiaSharawy-20100519/Pc_Counter.vhd" into library work
Parsing VHDL file "D:/Student/Downloads/yehia/YehiaSharawy-20100519/PC_Adder.vhd" into library work
Parsing VHDL file "D:/Student/Downloads/yehia/YehiaSharawy-20100519/Mux5bits.vhd" into library work
Parsing VHDL file "D:/Student/Downloads/yehia/YehiaSharawy-20100519/Mux32bits.vhd" into library work
Parsing VHDL file "D:/Student/Downloads/yehia/YehiaSharawy-20100519/InstMem.vhd" into library work
Parsing VHDL file "D:/Student/Downloads/yehia/YehiaSharawy-20100519/DataMemory.vhd" into library work
Parsing VHDL file "D:/Student/Downloads/yehia/YehiaSharawy-20100519/ControlUnit.vhd" into library work
Parsing VHDL file "D:/Student/Downloads/yehia/YehiaSharawy-20100519/Alu_Control.vhd" into library work
Parsing VHDL file "D:/Student/Downloads/yehia/YehiaSharawy-20100519/Alu_32.vhd" into library work
Parsing VHDL file "D:/Student/Downloads/yehia/YehiaSharawy-20100519/Adder32.vhd" into library work
Parsing VHDL file "D:/Student/Downloads/yehia/YehiaSharawy-20100519/MIPS_Architecture.vhd" into library work
Parsing VHDL file "D:/Student/Downloads/yehia/YehiaSharawy-20100519/SingleCycle_MIPS_Architecture.vhd" into library work
Starting static elaboration
Completed static elaboration
Compiling package standard
Compiling package std_logic_1164
Compiling package numeric_std
Compiling package std_logic_arith
Compiling package std_logic_unsigned
Compiling architecture behavioral of entity Mux5bits [mux5bits_default]
Compiling architecture behavioral of entity Mux32bits [mux32bits_default]
Compiling architecture behavioral of entity InstMem [instmem_default]
Compiling architecture behavioral of entity RegisterFile [registerfile_default]
Compiling architecture behavioral of entity DataMemory [datamemory_default]
Compiling architecture behavioral of entity ControlUnit [controlunit_default]
Compiling architecture behavioral of entity Alu_32 [alu_32_default]
Compiling architecture behavioral of entity Alu_Control [alu_control_default]
Compiling architecture behavioral of entity PC_Counter [pc_counter_default]
Compiling architecture behavioral of entity PC_Adder [pc_adder_default]
Compiling architecture behavioral of entity Adder32 [adder32_default]
Compiling architecture behavioral of entity ShiftLeft32 [shiftleft32_default]
Compiling architecture behavioral of entity ShiftLeft28 [shiftleft28_default]
Compiling architecture behavioral of entity SignExtend [signextend_default]
Compiling architecture behavioral of entity MIPS [mips_default]
Compiling architecture behavior of entity singlecycle_mips_architecture
Time Resolution for simulation is 1ps.
Waiting for 5 sub-compilation(s) to finish...
WARNING:Simulator - Unable to copy libPortabilityNOSH.dll to the simulation executable directory: boost::filesystem::copy_file: The system cannot find the path specified, "isim\SingleCycle_MIPS_Architecture_isim_beh.exe.sim\libPortability.dll".
Compiled 36 VHDL Units
Built simulation executable D:/Student/Downloads/yehia/YehiaSharawy-20100519/SingleCycle_MIPS_Architecture_isim_beh.exe
Fuse Memory Usage: 37456 KB
Fuse CPU Usage: 828 ms
