ISim log file
Running: D:\Student\Downloads\yehia\YehiaSharawy-20100519\SingleCycle_MIPS_Architecture_isim_beh.exe -intstyle ise -gui -tclbatch isim.cmd -wdb D:/Student/Downloads/yehia/YehiaSharawy-20100519/SingleCycle_MIPS_Architecture_isim_beh.wdb 
ISim P.20131013 (signature 0x7708f090)
This is a Full version of ISim.
Time resolution is 1 ps
# onerror resume
# wave add /
# run 1000 ns
Simulator is doing circuit initialization process.
at 0 ps, Instance /singlecycle_mips_architecture/uut/RegisterFile_Comp_20100519/ : Warning: There is an 'U'|'X'|'W'|'Z'|'-' in an arithmetic operand, the result will be 'X'(es).
at 0 ps, Instance /singlecycle_mips_architecture/uut/RegisterFile_Comp_20100519/ : Warning: CONV_INTEGER: There is an 'U'|'X'|'W'|'Z'|'-' in an arithmetic operand, and it has been converted to 0.
at 0 ps, Instance /singlecycle_mips_architecture/uut/RegisterFile_Comp_20100519/ : Warning: CONV_INTEGER: There is an 'U'|'X'|'W'|'Z'|'-' in an arithmetic operand, and it has been converted to 0.
Finished circuit initialization process.
at 5 ns(1), Instance /singlecycle_mips_architecture/uut/InstructionMem_Comp_20100519/ : Warning: NUMERIC_STD.TO_INTEGER: metavalue detected, returning 0
ERROR: Index 7 out of bound 0 to 6. 
ERROR: In process InstMem.vhd:16 
 
INFO: Simulator is stopped.
ISim P.20131013 (signature 0x7708f090)
This is a Full version of ISim.
# run 1000 ns
Simulator is doing circuit initialization process.
at 0 ps, Instance /singlecycle_mips_architecture/uut/RegisterFile_Comp_20100519/ : Warning: There is an 'U'|'X'|'W'|'Z'|'-' in an arithmetic operand, the result will be 'X'(es).
at 0 ps, Instance /singlecycle_mips_architecture/uut/RegisterFile_Comp_20100519/ : Warning: CONV_INTEGER: There is an 'U'|'X'|'W'|'Z'|'-' in an arithmetic operand, and it has been converted to 0.
at 0 ps, Instance /singlecycle_mips_architecture/uut/RegisterFile_Comp_20100519/ : Warning: CONV_INTEGER: There is an 'U'|'X'|'W'|'Z'|'-' in an arithmetic operand, and it has been converted to 0.
Finished circuit initialization process.
at 5 ns(1), Instance /singlecycle_mips_architecture/uut/InstructionMem_Comp_20100519/ : Warning: NUMERIC_STD.TO_INTEGER: metavalue detected, returning 0
ERROR: Index 7 out of bound 0 to 6. 
ERROR: In process InstMem.vhd:16 
 
INFO: Simulator is stopped.
