Release 14.7 - xst P.20131013 (nt64)
Copyright (c) 1995-2013 Xilinx, Inc.  All rights reserved.
--> Parameter TMPDIR set to xst/projnav.tmp


Total REAL time to Xst completion: 0.00 secs
Total CPU time to Xst completion: 0.17 secs
 
--> Parameter xsthdpdir set to xst


Total REAL time to Xst completion: 0.00 secs
Total CPU time to Xst completion: 0.17 secs
 
--> Reading design: MIPS.prj

TABLE OF CONTENTS
  1) Synthesis Options Summary
  2) HDL Parsing
  3) HDL Elaboration
  4) HDL Synthesis
       4.1) HDL Synthesis Report
  5) Advanced HDL Synthesis
       5.1) Advanced HDL Synthesis Report
  6) Low Level Synthesis
  7) Partition Report
  8) Design Summary
       8.1) Primitive and Black Box Usage
       8.2) Device utilization summary
       8.3) Partition Resource Summary
       8.4) Timing Report
            8.4.1) Clock Information
            8.4.2) Asynchronous Control Signals Information
            8.4.3) Timing Summary
            8.4.4) Timing Details
            8.4.5) Cross Clock Domains Report


=========================================================================
*                      Synthesis Options Summary                        *
=========================================================================
---- Source Parameters
Input File Name                    : "MIPS.prj"
Ignore Synthesis Constraint File   : NO

---- Target Parameters
Output File Name                   : "MIPS"
Output Format                      : NGC
Target Device                      : xc7a100t-3-csg324

---- Source Options
Top Module Name                    : MIPS
Automatic FSM Extraction           : YES
FSM Encoding Algorithm             : Auto
Safe Implementation                : No
FSM Style                          : LUT
RAM Extraction                     : Yes
RAM Style                          : Auto
ROM Extraction                     : Yes
Shift Register Extraction          : YES
ROM Style                          : Auto
Resource Sharing                   : YES
Asynchronous To Synchronous        : NO
Shift Register Minimum Size        : 2
Use DSP Block                      : Auto
Automatic Register Balancing       : No

---- Target Options
LUT Combining                      : Auto
Reduce Control Sets                : Auto
Add IO Buffers                     : YES
Global Maximum Fanout              : 100000
Add Generic Clock Buffer(BUFG)     : 32
Register Duplication               : YES
Optimize Instantiated Primitives   : NO
Use Clock Enable                   : Auto
Use Synchronous Set                : Auto
Use Synchronous Reset              : Auto
Pack IO Registers into IOBs        : Auto
Equivalent register Removal        : YES

---- General Options
Optimization Goal                  : Speed
Optimization Effort                : 1
Power Reduction                    : NO
Keep Hierarchy                     : No
Netlist Hierarchy                  : As_Optimized
RTL Output                         : Yes
Global Optimization                : AllClockNets
Read Cores                         : YES
Write Timing Constraints           : NO
Cross Clock Analysis               : NO
Hierarchy Separator                : /
Bus Delimiter                      : <>
Case Specifier                     : Maintain
Slice Utilization Ratio            : 100
BRAM Utilization Ratio             : 100
DSP48 Utilization Ratio            : 100
Auto BRAM Packing                  : NO
Slice Utilization Ratio Delta      : 5

=========================================================================


=========================================================================
*                          HDL Parsing                                  *
=========================================================================
Parsing VHDL file "D:\Student\Downloads\yehia\YehiaSharawy-20100519\SignExtend.vhd" into library work
Parsing entity <SignExtend>.
Parsing architecture <Behavioral> of entity <signextend>.
Parsing VHDL file "D:\Student\Downloads\yehia\YehiaSharawy-20100519\ShiftLeft32.vhd" into library work
Parsing entity <ShiftLeft32>.
Parsing architecture <Behavioral> of entity <shiftleft32>.
Parsing VHDL file "D:\Student\Downloads\yehia\YehiaSharawy-20100519\ShiftLeft28.vhd" into library work
Parsing entity <ShiftLeft28>.
Parsing architecture <Behavioral> of entity <shiftleft28>.
Parsing VHDL file "D:\Student\Downloads\yehia\YehiaSharawy-20100519\RegisterFile.vhd" into library work
Parsing entity <RegisterFile>.
Parsing architecture <Behavioral> of entity <registerfile>.
Parsing VHDL file "D:\Student\Downloads\yehia\YehiaSharawy-20100519\Pc_Counter.vhd" into library work
Parsing entity <PC_Counter>.
Parsing architecture <Behavioral> of entity <pc_counter>.
Parsing VHDL file "D:\Student\Downloads\yehia\YehiaSharawy-20100519\PC_Adder.vhd" into library work
Parsing entity <PC_Adder>.
Parsing architecture <Behavioral> of entity <pc_adder>.
Parsing VHDL file "D:\Student\Downloads\yehia\YehiaSharawy-20100519\Mux5bits.vhd" into library work
Parsing entity <Mux5bits>.
Parsing architecture <Behavioral> of entity <mux5bits>.
Parsing VHDL file "D:\Student\Downloads\yehia\YehiaSharawy-20100519\Mux32bits.vhd" into library work
Parsing entity <Mux32bits>.
Parsing architecture <Behavioral> of entity <mux32bits>.
Parsing VHDL file "D:\Student\Downloads\yehia\YehiaSharawy-20100519\InstMem.vhd" into library work
Parsing entity <InstMem>.
Parsing architecture <Behavioral> of entity <instmem>.
Parsing VHDL file "D:\Student\Downloads\yehia\YehiaSharawy-20100519\DataMemory.vhd" into library work
Parsing entity <DataMemory>.
Parsing architecture <Behavioral> of entity <datamemory>.
Parsing VHDL file "D:\Student\Downloads\yehia\YehiaSharawy-20100519\ControlUnit.vhd" into library work
Parsing entity <ControlUnit>.
Parsing architecture <Behavioral> of entity <controlunit>.
Parsing VHDL file "D:\Student\Downloads\yehia\YehiaSharawy-20100519\Alu_Control.vhd" into library work
Parsing entity <Alu_Control>.
Parsing architecture <Behavioral> of entity <alu_control>.
Parsing VHDL file "D:\Student\Downloads\yehia\YehiaSharawy-20100519\Alu_32.vhd" into library work
Parsing entity <Alu_32>.
Parsing architecture <Behavioral> of entity <alu_32>.
Parsing VHDL file "D:\Student\Downloads\yehia\YehiaSharawy-20100519\Adder32.vhd" into library work
Parsing entity <Adder32>.
Parsing architecture <Behavioral> of entity <adder32>.
Parsing VHDL file "D:\Student\Downloads\yehia\YehiaSharawy-20100519\MIPS_Architecture.vhd" into library work
Parsing entity <MIPS>.
Parsing architecture <Behavioral> of entity <mips>.

=========================================================================
*                            HDL Elaboration                            *
=========================================================================

Elaborating entity <MIPS> (architecture <Behavioral>) from library <work>.

Elaborating entity <Mux5bits> (architecture <Behavioral>) from library <work>.

Elaborating entity <Mux32bits> (architecture <Behavioral>) from library <work>.

Elaborating entity <InstMem> (architecture <Behavioral>) from library <work>.

Elaborating entity <RegisterFile> (architecture <Behavioral>) from library <work>.

Elaborating entity <DataMemory> (architecture <Behavioral>) from library <work>.

Elaborating entity <ControlUnit> (architecture <Behavioral>) from library <work>.

Elaborating entity <Alu_32> (architecture <Behavioral>) from library <work>.

Elaborating entity <Alu_Control> (architecture <Behavioral>) from library <work>.

Elaborating entity <PC_Counter> (architecture <Behavioral>) from library <work>.
WARNING:HDLCompiler:1127 - "D:\Student\Downloads\yehia\YehiaSharawy-20100519\Pc_Counter.vhd" Line 13: Assignment to z ignored, since the identifier is never used

Elaborating entity <PC_Adder> (architecture <Behavioral>) from library <work>.
ERROR:HDLCompiler:1156 - "D:\Student\Downloads\yehia\YehiaSharawy-20100519\MIPS_Architecture.vhd" Line 67: Formal port <sum> does not exist in entity <Adder32>.  Please compare the definition of block <Adder32> to its component declaration and its instantion to detect the mismatch.
INFO:HDLCompiler:1408 - "D:\Student\Downloads\yehia\YehiaSharawy-20100519\Adder32.vhd" Line 6. adder32 is declared here

Elaborating entity <Adder32> (architecture <Behavioral>) from library <work>.
Execution of entity adder32 failed
Netlist MIPS(Behavioral) remains a blackbox, due to errors in its contents
--> 

Total memory usage is 4498096 kilobytes

Number of errors   :    1 (   0 filtered)
Number of warnings :    1 (   0 filtered)
Number of infos    :    0 (   0 filtered)

